<?xml version="1.0" encoding="UTF-8"?>
<!-- Generated by org.testng.reporters.JUnitXMLReporter -->
<testsuite ignored="0" hostname="DESKTOP-5MB3UMM" failures="0" tests="6" name="TextBox" time="14.301" errors="0" timestamp="2024-08-23T01:49:10 IST">
  <testcase classname="testingbaba_tests.TextBox_Test" name="clickonclosebtn" time="2.16"/>
  <testcase classname="testingbaba_tests.TextBox_Test" name="clickonPractice" time="2.318"/>
  <testcase classname="testingbaba_tests.TextBox_Test" name="clickonElements" time="0.265"/>
  <testcase classname="testingbaba_tests.TextBox_Test" name="clickoneTextBox" time="0.232"/>
  <testcase classname="testingbaba_tests.TextBox_Test" name="filldetails" time="3.832"/>
  <testcase classname="testingbaba_tests.TextBox_Test" name="getDetails" time="0.812"/>
</testsuite> <!-- TextBox -->
