<?xml version="1.0" encoding="UTF-8"?>
<!-- Generated by org.testng.reporters.JUnitXMLReporter -->
<testsuite ignored="0" hostname="DESKTOP-5MB3UMM" failures="0" tests="5" name="Default test" time="13.814" errors="0" timestamp="2024-08-25T15:27:31 IST">
  <testcase classname="testingbaba_tests.Radiobttn_test" name="clickonclosebtn" time="0.144"/>
  <testcase classname="testingbaba_tests.Radiobttn_test" name="clickonpractice" time="2.521"/>
  <testcase classname="testingbaba_tests.Radiobttn_test" name="clickOnElements" time="0.153"/>
  <testcase classname="testingbaba_tests.Radiobttn_test" name="clickOnRadiobtn" time="0.215"/>
  <testcase classname="testingbaba_tests.Radiobttn_test" name="clickOncondition" time="2.233"/>
</testsuite> <!-- Default test -->
